<!DOCTYPE html PUBLIC "-//W3C//DTD XHTML 1.1//EN" "http://www.w3.org/TR/xhtml11/DTD/xhtml11.dtd">
<html xmlns="http://www.w3.org/1999/xhtml"><head><title>TestNG Report</title><style type="text/css">table {margin-bottom:10px;border-collapse:collapse;empty-cells:show}th,td {border:1px solid #009;padding:.25em .5em}th {vertical-align:bottom}td {vertical-align:top}table a {font-weight:bold}.stripe td {background-color: #E6EBF9}.num {text-align:right}.passedodd td {background-color: #3F3}.passedeven td {background-color: #0A0}.skippedodd td {background-color: #DDD}.skippedeven td {background-color: #CCC}.failedodd td,.attn {background-color: #F33}.failedeven td,.stripe .attn {background-color: #D00}.stacktrace {white-space:pre;font-family:monospace}.totop {font-size:85%;text-align:center;border-bottom:2px solid #000}</style></head><body><table><tr><th>Test</th><th># Passed</th><th># Skipped</th><th># Failed</th><th>Time (ms)</th><th>Included Groups</th><th>Excluded Groups</th></tr><tr><th colspan="7">BPM Firefox</th></tr><tr><td><a href="#t0">To Test Cucumber</a></td><td class="num">0</td><td class="num">0</td><td class="num attn">1</td><td class="num">83,490</td><td></td><td></td></tr></table><table><thead><tr><th>Class</th><th>Method</th><th>Start</th><th>Time (ms)</th></tr></thead><tbody><tr><th colspan="4">BPM Firefox</th></tr></tbody><tbody id="t0"><tr><th colspan="4">To Test Cucumber &#8212; failed</th></tr><tr class="failedeven"><td rowspan="1">com.bpm.runner.TestRunner</td><td><a href="#m0">run_cukes</a></td><td rowspan="1">1497986483069</td><td rowspan="1">83466</td></tr></tbody></table><h2>To Test Cucumber</h2><h3 id="m0">com.bpm.runner.TestRunner#run_cukes</h3><table class="result"><tr><th>Messages</th></tr><tr><td><div class="messages">&lt;div &quot;featureFile&quot;&gt;Feature File: Login.feature&lt;/div&gt;<br/>&lt;div &quot;feature&quot;&gt;Feature: To Test BPM Portal&lt;/div&gt;<br/>&lt;div &quot;scenario&quot;&gt;Scenario: To upload customer document and add Haluer and complete the task&lt;/div&gt;<br/>&lt;div &quot;result&quot;&gt;Given  I Make a New Purchase in Sales Portal (passed : 39s)&lt;/div&gt;<br/>&lt;div &quot;result&quot;&gt;And  I Navigate to BPM Portal (passed : 2s)&lt;/div&gt;<br/>&lt;div &quot;result&quot;&gt;When  I Login to BPM (passed : 3s)&lt;/div&gt;<br/>&lt;div &quot;result&quot;&gt;Given  I Click on All Task Tab (passed : 6s)&lt;/div&gt;<br/>&lt;div &quot;result&quot;&gt;And  I Search CaseId &amp;quot;&amp;quot; (passed : 8s)&lt;/div&gt;<br/>&lt;div &quot;result&quot;&gt;And  I Click on the Case Link &amp;quot;&amp;quot; (passed : 10s)&lt;/div&gt;<br/>&lt;div &quot;result&quot;&gt;And  I Click on Claim (passed : 0s)&lt;/div&gt;<br/>&lt;div &quot;result&quot;&gt;Given  I Upload Customer Document (failed : 2s)&lt;/div&gt;<br/>&lt;div &quot;result&quot;&gt;Then  I Click on Complete Task (skipped)&lt;/div&gt;<br/>&lt;div &quot;result&quot;&gt;Given  I Click on the Cases Tab (skipped)&lt;/div&gt;<br/>&lt;div &quot;result&quot;&gt;Given  I Search CaseId &amp;quot;&amp;quot; (skipped)&lt;/div&gt;<br/>&lt;div &quot;result&quot;&gt;And  I Click on the Case Link &amp;quot;&amp;quot; (skipped)&lt;/div&gt;<br/>&lt;div &quot;result&quot;&gt;Then  I Click on Add3 Contact Button (skipped)&lt;/div&gt;<br/>&lt;div &quot;result&quot;&gt;And  I Click on Claim (skipped)&lt;/div&gt;<br/>&lt;div &quot;result&quot;&gt;Given  I Select LOA Details &amp;quot;Yes, LOA looks OK&amp;quot; (skipped)&lt;/div&gt;<br/>&lt;div &quot;result&quot;&gt;Then  I Click on Add Haluer Button (skipped)&lt;/div&gt;<br/>&lt;div &quot;result&quot;&gt;When  I Add Hauler Name Details &amp;quot;TestAutomation&amp;quot; (skipped)&lt;/div&gt;<br/>&lt;div &quot;result&quot;&gt;And  I Add Hauler Details &amp;quot;Lock Fee&amp;quot; (skipped)&lt;/div&gt;<br/>&lt;div &quot;result&quot;&gt;And  I Add Hauler Details &amp;quot;Caster Fee&amp;quot; (skipped)&lt;/div&gt;<br/>&lt;div &quot;result&quot;&gt;And  I Add Hauler Details Add Button (skipped)&lt;/div&gt;<br/>&lt;div &quot;result&quot;&gt;Then  I Select Haulers Agree To The Terms (skipped)&lt;/div&gt;<br/>&lt;div &quot;result&quot;&gt;Given  I Add Contracted Haluer Details (skipped)&lt;/div&gt;<br/>&lt;div &quot;result&quot;&gt;Then  I Click on Complete Task (skipped)&lt;/div&gt;<br/>&lt;div &quot;result&quot;&gt;Given  I Click on the Task Tab (skipped)&lt;/div&gt;<br/>&lt;div &quot;result&quot;&gt;And  I Search CaseId &amp;quot;&amp;quot; (skipped)&lt;/div&gt;<br/>&lt;div &quot;result&quot;&gt;And  I Click on the Case Link &amp;quot;&amp;quot; (skipped)&lt;/div&gt;<br/>&lt;div &quot;result&quot;&gt;Then  I Click on Claim (skipped)&lt;/div&gt;<br/>&lt;div &quot;result&quot;&gt;When  I Select Cancellation Details &amp;quot;No, the cancellation letter was not sent because there is no incumbent&amp;quot; (skipped)&lt;/div&gt;<br/>&lt;div &quot;result&quot;&gt;Then  I Click on Complete Task (skipped)&lt;/div&gt;<br/>&lt;div &quot;result&quot;&gt;And  I Click on Logout (skipped)&lt;/div&gt;<br/>&lt;div &quot;result&quot;&gt;And  I Click on Logout (skipped)&lt;/div&gt;</div></td></tr><tr><th>Exception</th></tr><tr><td><div class="stacktrace">cucumber.runtime.CucumberException: org.openqa.selenium.StaleElementReferenceException: stale element reference: element is not attached to the page document
  (Session info: chrome=58.0.3029.110)
  (Driver info: chromedriver=2.30.477700 (0057494ad8732195794a7b32078424f92a5fce41),platform=Windows NT 6.1.7601 SP1 x86_64) (WARNING: The server did not provide any stacktrace information)
Command duration or timeout: 32 milliseconds
For documentation on this error, please visit: http://seleniumhq.org/exceptions/stale_element_reference.html
Build info: version: &apos;2.53.1&apos;, revision: &apos;a36b8b1cd5757287168e54b817830adce9b0158d&apos;, time: &apos;2016-06-30 19:26:09&apos;
System info: host: &apos;RUB-BNTSR72&apos;, ip: &apos;10.128.109.151&apos;, os.name: &apos;Windows 7&apos;, os.arch: &apos;amd64&apos;, os.version: &apos;6.1&apos;, java.version: &apos;1.8.0_121&apos;
Driver info: org.openqa.selenium.chrome.ChromeDriver
Capabilities [{applicationCacheEnabled=false, rotatable=false, mobileEmulationEnabled=false, networkConnectionEnabled=false, chrome={chromedriverVersion=2.30.477700 (0057494ad8732195794a7b32078424f92a5fce41), userDataDir=C:\Users\RAMYA~1.ANN\AppData\Local\Temp\scoped_dir10892_22601}, takesHeapSnapshot=true, pageLoadStrategy=normal, databaseEnabled=false, handlesAlerts=true, hasTouchScreen=false, version=58.0.3029.110, platform=XP, browserConnectionEnabled=false, nativeEvents=true, acceptSslCerts=true, locationContextEnabled=true, webStorageEnabled=true, browserName=chrome, takesScreenshot=true, javascriptEnabled=true, cssSelectorsEnabled=true, unexpectedAlertBehaviour=}]
Session ID: 4cd4d0e702dec5cf6dd8660b23e6b2f3
	at cucumber.api.testng.TestNGCucumberRunner.runCukes(TestNGCucumberRunner.java:48)
	at cucumber.api.testng.AbstractTestNGCucumberTests.run_cukes(AbstractTestNGCucumberTests.java:14)
	at cucumber.api.testng.AbstractTestNGCucumberTests.run(AbstractTestNGCucumberTests.java:19)
Caused by: org.openqa.selenium.StaleElementReferenceException: stale element reference: element is not attached to the page document
  (Session info: chrome=58.0.3029.110)
  (Driver info: chromedriver=2.30.477700 (0057494ad8732195794a7b32078424f92a5fce41),platform=Windows NT 6.1.7601 SP1 x86_64) (WARNING: The server did not provide any stacktrace information)
Command duration or timeout: 32 milliseconds
For documentation on this error, please visit: http://seleniumhq.org/exceptions/stale_element_reference.html
Build info: version: &apos;2.53.1&apos;, revision: &apos;a36b8b1cd5757287168e54b817830adce9b0158d&apos;, time: &apos;2016-06-30 19:26:09&apos;
System info: host: &apos;RUB-BNTSR72&apos;, ip: &apos;10.128.109.151&apos;, os.name: &apos;Windows 7&apos;, os.arch: &apos;amd64&apos;, os.version: &apos;6.1&apos;, java.version: &apos;1.8.0_121&apos;
Driver info: org.openqa.selenium.chrome.ChromeDriver
Capabilities [{applicationCacheEnabled=false, rotatable=false, mobileEmulationEnabled=false, networkConnectionEnabled=false, chrome={chromedriverVersion=2.30.477700 (0057494ad8732195794a7b32078424f92a5fce41), userDataDir=C:\Users\RAMYA~1.ANN\AppData\Local\Temp\scoped_dir10892_22601}, takesHeapSnapshot=true, pageLoadStrategy=normal, databaseEnabled=false, handlesAlerts=true, hasTouchScreen=false, version=58.0.3029.110, platform=XP, browserConnectionEnabled=false, nativeEvents=true, acceptSslCerts=true, locationContextEnabled=true, webStorageEnabled=true, browserName=chrome, takesScreenshot=true, javascriptEnabled=true, cssSelectorsEnabled=true, unexpectedAlertBehaviour=}]
Session ID: 4cd4d0e702dec5cf6dd8660b23e6b2f3
	at org.openqa.selenium.remote.ErrorHandler.createThrowable(ErrorHandler.java:206)
	at org.openqa.selenium.remote.ErrorHandler.throwIfResponseFailed(ErrorHandler.java:158)
	at org.openqa.selenium.remote.RemoteWebDriver.execute(RemoteWebDriver.java:678)
	at org.openqa.selenium.remote.RemoteWebElement.execute(RemoteWebElement.java:327)
	at org.openqa.selenium.remote.RemoteWebElement.sendKeys(RemoteWebElement.java:122)
	at com.bpm.pageactions.BPMCaseActions.uploadContractDocument(BPMCaseActions.java:181)
	at com.bpm.definitions.BPMDefinitions.i_Upload_Customer_Documents(BPMDefinitions.java:235)
	at ?.Given I Upload Customer Document(Login.feature:38)
... Removed 34 stack frames</div></td></tr></table><p class="totop"><a href="#summary">back to summary</a></p></body></html>