<?xml version="1.0" encoding="UTF-8"?>
<testng-results skipped="0" failed="1" total="1" passed="0">
  <reporter-output>
    <line>
      <![CDATA[<div "featureFile">Feature File: Login.feature</div>]]>
    </line>
    <line>
      <![CDATA[<div "feature">Feature: To Test BPM Portal</div>]]>
    </line>
    <line>
      <![CDATA[<div "scenario">Scenario: To upload customer document and add Haluer and complete the task</div>]]>
    </line>
    <line>
      <![CDATA[<div "result">Given  I Make a New Purchase in Sales Portal (passed : 39s)</div>]]>
    </line>
    <line>
      <![CDATA[<div "result">And  I Navigate to BPM Portal (passed : 2s)</div>]]>
    </line>
    <line>
      <![CDATA[<div "result">When  I Login to BPM (passed : 3s)</div>]]>
    </line>
    <line>
      <![CDATA[<div "result">Given  I Click on All Task Tab (passed : 6s)</div>]]>
    </line>
    <line>
      <![CDATA[<div "result">And  I Search CaseId &quot;&quot; (passed : 8s)</div>]]>
    </line>
    <line>
      <![CDATA[<div "result">And  I Click on the Case Link &quot;&quot; (passed : 10s)</div>]]>
    </line>
    <line>
      <![CDATA[<div "result">And  I Click on Claim (passed : 0s)</div>]]>
    </line>
    <line>
      <![CDATA[<div "result">Given  I Upload Customer Document (failed : 2s)</div>]]>
    </line>
    <line>
      <![CDATA[<div "result">Then  I Click on Complete Task (skipped)</div>]]>
    </line>
    <line>
      <![CDATA[<div "result">Given  I Click on the Cases Tab (skipped)</div>]]>
    </line>
    <line>
      <![CDATA[<div "result">Given  I Search CaseId &quot;&quot; (skipped)</div>]]>
    </line>
    <line>
      <![CDATA[<div "result">And  I Click on the Case Link &quot;&quot; (skipped)</div>]]>
    </line>
    <line>
      <![CDATA[<div "result">Then  I Click on Add3 Contact Button (skipped)</div>]]>
    </line>
    <line>
      <![CDATA[<div "result">And  I Click on Claim (skipped)</div>]]>
    </line>
    <line>
      <![CDATA[<div "result">Given  I Select LOA Details &quot;Yes, LOA looks OK&quot; (skipped)</div>]]>
    </line>
    <line>
      <![CDATA[<div "result">Then  I Click on Add Haluer Button (skipped)</div>]]>
    </line>
    <line>
      <![CDATA[<div "result">When  I Add Hauler Name Details &quot;TestAutomation&quot; (skipped)</div>]]>
    </line>
    <line>
      <![CDATA[<div "result">And  I Add Hauler Details &quot;Lock Fee&quot; (skipped)</div>]]>
    </line>
    <line>
      <![CDATA[<div "result">And  I Add Hauler Details &quot;Caster Fee&quot; (skipped)</div>]]>
    </line>
    <line>
      <![CDATA[<div "result">And  I Add Hauler Details Add Button (skipped)</div>]]>
    </line>
    <line>
      <![CDATA[<div "result">Then  I Select Haulers Agree To The Terms (skipped)</div>]]>
    </line>
    <line>
      <![CDATA[<div "result">Given  I Add Contracted Haluer Details (skipped)</div>]]>
    </line>
    <line>
      <![CDATA[<div "result">Then  I Click on Complete Task (skipped)</div>]]>
    </line>
    <line>
      <![CDATA[<div "result">Given  I Click on the Task Tab (skipped)</div>]]>
    </line>
    <line>
      <![CDATA[<div "result">And  I Search CaseId &quot;&quot; (skipped)</div>]]>
    </line>
    <line>
      <![CDATA[<div "result">And  I Click on the Case Link &quot;&quot; (skipped)</div>]]>
    </line>
    <line>
      <![CDATA[<div "result">Then  I Click on Claim (skipped)</div>]]>
    </line>
    <line>
      <![CDATA[<div "result">When  I Select Cancellation Details &quot;No, the cancellation letter was not sent because there is no incumbent&quot; (skipped)</div>]]>
    </line>
    <line>
      <![CDATA[<div "result">Then  I Click on Complete Task (skipped)</div>]]>
    </line>
    <line>
      <![CDATA[<div "result">And  I Click on Logout (skipped)</div>]]>
    </line>
    <line>
      <![CDATA[<div "result">And  I Click on Logout (skipped)</div>]]>
    </line>
  </reporter-output>
  <suite name="BPM Firefox" duration-ms="83490" started-at="2017-06-20T19:21:23Z" finished-at="2017-06-20T19:22:46Z">
    <groups>
      <group name="cucumber">
        <method signature="AbstractTestNGCucumberTests.run_cukes()[pri:0, instance:com.bpm.runner.TestRunner@370736d9]" name="run_cukes" class="cucumber.api.testng.AbstractTestNGCucumberTests"/>
      </group> <!-- cucumber -->
    </groups>
    <test name="To Test Cucumber" duration-ms="83490" started-at="2017-06-20T19:21:23Z" finished-at="2017-06-20T19:22:46Z">
      <class name="com.bpm.runner.TestRunner">
        <test-method status="FAIL" signature="run_cukes()[pri:0, instance:com.bpm.runner.TestRunner@370736d9]" name="run_cukes" duration-ms="83466" started-at="2017-06-20T12:21:23Z" description="Runs Cucumber Features" finished-at="2017-06-20T12:22:46Z">
          <exception class="cucumber.runtime.CucumberException">
            <message>
              <![CDATA[org.openqa.selenium.StaleElementReferenceException: stale element reference: element is not attached to the page document
  (Session info: chrome=58.0.3029.110)
  (Driver info: chromedriver=2.30.477700 (0057494ad8732195794a7b32078424f92a5fce41),platform=Windows NT 6.1.7601 SP1 x86_64) (WARNING: The server did not provide any stacktrace information)
Command duration or timeout: 32 milliseconds
For documentation on this error, please visit: http://seleniumhq.org/exceptions/stale_element_reference.html
Build info: version: '2.53.1', revision: 'a36b8b1cd5757287168e54b817830adce9b0158d', time: '2016-06-30 19:26:09'
System info: host: 'RUB-BNTSR72', ip: '10.128.109.151', os.name: 'Windows 7', os.arch: 'amd64', os.version: '6.1', java.version: '1.8.0_121'
Driver info: org.openqa.selenium.chrome.ChromeDriver
Capabilities [{applicationCacheEnabled=false, rotatable=false, mobileEmulationEnabled=false, networkConnectionEnabled=false, chrome={chromedriverVersion=2.30.477700 (0057494ad8732195794a7b32078424f92a5fce41), userDataDir=C:\Users\RAMYA~1.ANN\AppData\Local\Temp\scoped_dir10892_22601}, takesHeapSnapshot=true, pageLoadStrategy=normal, databaseEnabled=false, handlesAlerts=true, hasTouchScreen=false, version=58.0.3029.110, platform=XP, browserConnectionEnabled=false, nativeEvents=true, acceptSslCerts=true, locationContextEnabled=true, webStorageEnabled=true, browserName=chrome, takesScreenshot=true, javascriptEnabled=true, cssSelectorsEnabled=true, unexpectedAlertBehaviour=}]
Session ID: 4cd4d0e702dec5cf6dd8660b23e6b2f3]]>
            </message>
            <full-stacktrace>
              <![CDATA[cucumber.runtime.CucumberException: org.openqa.selenium.StaleElementReferenceException: stale element reference: element is not attached to the page document
  (Session info: chrome=58.0.3029.110)
  (Driver info: chromedriver=2.30.477700 (0057494ad8732195794a7b32078424f92a5fce41),platform=Windows NT 6.1.7601 SP1 x86_64) (WARNING: The server did not provide any stacktrace information)
Command duration or timeout: 32 milliseconds
For documentation on this error, please visit: http://seleniumhq.org/exceptions/stale_element_reference.html
Build info: version: '2.53.1', revision: 'a36b8b1cd5757287168e54b817830adce9b0158d', time: '2016-06-30 19:26:09'
System info: host: 'RUB-BNTSR72', ip: '10.128.109.151', os.name: 'Windows 7', os.arch: 'amd64', os.version: '6.1', java.version: '1.8.0_121'
Driver info: org.openqa.selenium.chrome.ChromeDriver
Capabilities [{applicationCacheEnabled=false, rotatable=false, mobileEmulationEnabled=false, networkConnectionEnabled=false, chrome={chromedriverVersion=2.30.477700 (0057494ad8732195794a7b32078424f92a5fce41), userDataDir=C:\Users\RAMYA~1.ANN\AppData\Local\Temp\scoped_dir10892_22601}, takesHeapSnapshot=true, pageLoadStrategy=normal, databaseEnabled=false, handlesAlerts=true, hasTouchScreen=false, version=58.0.3029.110, platform=XP, browserConnectionEnabled=false, nativeEvents=true, acceptSslCerts=true, locationContextEnabled=true, webStorageEnabled=true, browserName=chrome, takesScreenshot=true, javascriptEnabled=true, cssSelectorsEnabled=true, unexpectedAlertBehaviour=}]
Session ID: 4cd4d0e702dec5cf6dd8660b23e6b2f3
	at cucumber.api.testng.TestNGCucumberRunner.runCukes(TestNGCucumberRunner.java:48)
	at cucumber.api.testng.AbstractTestNGCucumberTests.run_cukes(AbstractTestNGCucumberTests.java:14)
	at sun.reflect.NativeMethodAccessorImpl.invoke0(Native Method)
	at sun.reflect.NativeMethodAccessorImpl.invoke(Unknown Source)
	at sun.reflect.DelegatingMethodAccessorImpl.invoke(Unknown Source)
	at java.lang.reflect.Method.invoke(Unknown Source)
	at org.testng.internal.MethodInvocationHelper.invokeMethod(MethodInvocationHelper.java:84)
	at org.testng.internal.MethodInvocationHelper$1.runTestMethod(MethodInvocationHelper.java:200)
	at cucumber.api.testng.AbstractTestNGCucumberTests.run(AbstractTestNGCucumberTests.java:19)
	at sun.reflect.NativeMethodAccessorImpl.invoke0(Native Method)
	at sun.reflect.NativeMethodAccessorImpl.invoke(Unknown Source)
	at sun.reflect.DelegatingMethodAccessorImpl.invoke(Unknown Source)
	at java.lang.reflect.Method.invoke(Unknown Source)
	at org.testng.internal.MethodInvocationHelper.invokeHookable(MethodInvocationHelper.java:212)
	at org.testng.internal.Invoker.invokeMethod(Invoker.java:707)
	at org.testng.internal.Invoker.invokeTestMethod(Invoker.java:901)
	at org.testng.internal.Invoker.invokeTestMethods(Invoker.java:1231)
	at org.testng.internal.TestMethodWorker.invokeTestMethods(TestMethodWorker.java:127)
	at org.testng.internal.TestMethodWorker.run(TestMethodWorker.java:111)
	at org.testng.TestRunner.privateRun(TestRunner.java:767)
	at org.testng.TestRunner.run(TestRunner.java:617)
	at org.testng.SuiteRunner.runTest(SuiteRunner.java:348)
	at org.testng.SuiteRunner.runSequentially(SuiteRunner.java:343)
	at org.testng.SuiteRunner.privateRun(SuiteRunner.java:305)
	at org.testng.SuiteRunner.run(SuiteRunner.java:254)
	at org.testng.SuiteRunnerWorker.runSuite(SuiteRunnerWorker.java:52)
	at org.testng.SuiteRunnerWorker.run(SuiteRunnerWorker.java:86)
	at org.testng.TestNG.runSuitesSequentially(TestNG.java:1224)
	at org.testng.TestNG.runSuitesLocally(TestNG.java:1149)
	at org.testng.TestNG.run(TestNG.java:1057)
	at org.testng.remote.AbstractRemoteTestNG.run(AbstractRemoteTestNG.java:132)
	at org.testng.remote.RemoteTestNG.initAndRun(RemoteTestNG.java:230)
	at org.testng.remote.RemoteTestNG.main(RemoteTestNG.java:76)
Caused by: org.openqa.selenium.StaleElementReferenceException: stale element reference: element is not attached to the page document
  (Session info: chrome=58.0.3029.110)
  (Driver info: chromedriver=2.30.477700 (0057494ad8732195794a7b32078424f92a5fce41),platform=Windows NT 6.1.7601 SP1 x86_64) (WARNING: The server did not provide any stacktrace information)
Command duration or timeout: 32 milliseconds
For documentation on this error, please visit: http://seleniumhq.org/exceptions/stale_element_reference.html
Build info: version: '2.53.1', revision: 'a36b8b1cd5757287168e54b817830adce9b0158d', time: '2016-06-30 19:26:09'
System info: host: 'RUB-BNTSR72', ip: '10.128.109.151', os.name: 'Windows 7', os.arch: 'amd64', os.version: '6.1', java.version: '1.8.0_121'
Driver info: org.openqa.selenium.chrome.ChromeDriver
Capabilities [{applicationCacheEnabled=false, rotatable=false, mobileEmulationEnabled=false, networkConnectionEnabled=false, chrome={chromedriverVersion=2.30.477700 (0057494ad8732195794a7b32078424f92a5fce41), userDataDir=C:\Users\RAMYA~1.ANN\AppData\Local\Temp\scoped_dir10892_22601}, takesHeapSnapshot=true, pageLoadStrategy=normal, databaseEnabled=false, handlesAlerts=true, hasTouchScreen=false, version=58.0.3029.110, platform=XP, browserConnectionEnabled=false, nativeEvents=true, acceptSslCerts=true, locationContextEnabled=true, webStorageEnabled=true, browserName=chrome, takesScreenshot=true, javascriptEnabled=true, cssSelectorsEnabled=true, unexpectedAlertBehaviour=}]
Session ID: 4cd4d0e702dec5cf6dd8660b23e6b2f3
	at sun.reflect.NativeConstructorAccessorImpl.newInstance0(Native Method)
	at sun.reflect.NativeConstructorAccessorImpl.newInstance(Unknown Source)
	at sun.reflect.DelegatingConstructorAccessorImpl.newInstance(Unknown Source)
	at java.lang.reflect.Constructor.newInstance(Unknown Source)
	at org.openqa.selenium.remote.ErrorHandler.createThrowable(ErrorHandler.java:206)
	at org.openqa.selenium.remote.ErrorHandler.throwIfResponseFailed(ErrorHandler.java:158)
	at org.openqa.selenium.remote.RemoteWebDriver.execute(RemoteWebDriver.java:678)
	at org.openqa.selenium.remote.RemoteWebElement.execute(RemoteWebElement.java:327)
	at org.openqa.selenium.remote.RemoteWebElement.sendKeys(RemoteWebElement.java:122)
	at com.bpm.pageactions.BPMCaseActions.uploadContractDocument(BPMCaseActions.java:181)
	at com.bpm.definitions.BPMDefinitions.i_Upload_Customer_Documents(BPMDefinitions.java:235)
	at ?.Given I Upload Customer Document(Login.feature:38)
]]>
            </full-stacktrace>
          </exception> <!-- cucumber.runtime.CucumberException -->
          <reporter-output>
            <line>
              <![CDATA[<div "featureFile">Feature File: Login.feature</div>]]>
            </line>
            <line>
              <![CDATA[<div "feature">Feature: To Test BPM Portal</div>]]>
            </line>
            <line>
              <![CDATA[<div "scenario">Scenario: To upload customer document and add Haluer and complete the task</div>]]>
            </line>
            <line>
              <![CDATA[<div "result">Given  I Make a New Purchase in Sales Portal (passed : 39s)</div>]]>
            </line>
            <line>
              <![CDATA[<div "result">And  I Navigate to BPM Portal (passed : 2s)</div>]]>
            </line>
            <line>
              <![CDATA[<div "result">When  I Login to BPM (passed : 3s)</div>]]>
            </line>
            <line>
              <![CDATA[<div "result">Given  I Click on All Task Tab (passed : 6s)</div>]]>
            </line>
            <line>
              <![CDATA[<div "result">And  I Search CaseId &quot;&quot; (passed : 8s)</div>]]>
            </line>
            <line>
              <![CDATA[<div "result">And  I Click on the Case Link &quot;&quot; (passed : 10s)</div>]]>
            </line>
            <line>
              <![CDATA[<div "result">And  I Click on Claim (passed : 0s)</div>]]>
            </line>
            <line>
              <![CDATA[<div "result">Given  I Upload Customer Document (failed : 2s)</div>]]>
            </line>
            <line>
              <![CDATA[<div "result">Then  I Click on Complete Task (skipped)</div>]]>
            </line>
            <line>
              <![CDATA[<div "result">Given  I Click on the Cases Tab (skipped)</div>]]>
            </line>
            <line>
              <![CDATA[<div "result">Given  I Search CaseId &quot;&quot; (skipped)</div>]]>
            </line>
            <line>
              <![CDATA[<div "result">And  I Click on the Case Link &quot;&quot; (skipped)</div>]]>
            </line>
            <line>
              <![CDATA[<div "result">Then  I Click on Add3 Contact Button (skipped)</div>]]>
            </line>
            <line>
              <![CDATA[<div "result">And  I Click on Claim (skipped)</div>]]>
            </line>
            <line>
              <![CDATA[<div "result">Given  I Select LOA Details &quot;Yes, LOA looks OK&quot; (skipped)</div>]]>
            </line>
            <line>
              <![CDATA[<div "result">Then  I Click on Add Haluer Button (skipped)</div>]]>
            </line>
            <line>
              <![CDATA[<div "result">When  I Add Hauler Name Details &quot;TestAutomation&quot; (skipped)</div>]]>
            </line>
            <line>
              <![CDATA[<div "result">And  I Add Hauler Details &quot;Lock Fee&quot; (skipped)</div>]]>
            </line>
            <line>
              <![CDATA[<div "result">And  I Add Hauler Details &quot;Caster Fee&quot; (skipped)</div>]]>
            </line>
            <line>
              <![CDATA[<div "result">And  I Add Hauler Details Add Button (skipped)</div>]]>
            </line>
            <line>
              <![CDATA[<div "result">Then  I Select Haulers Agree To The Terms (skipped)</div>]]>
            </line>
            <line>
              <![CDATA[<div "result">Given  I Add Contracted Haluer Details (skipped)</div>]]>
            </line>
            <line>
              <![CDATA[<div "result">Then  I Click on Complete Task (skipped)</div>]]>
            </line>
            <line>
              <![CDATA[<div "result">Given  I Click on the Task Tab (skipped)</div>]]>
            </line>
            <line>
              <![CDATA[<div "result">And  I Search CaseId &quot;&quot; (skipped)</div>]]>
            </line>
            <line>
              <![CDATA[<div "result">And  I Click on the Case Link &quot;&quot; (skipped)</div>]]>
            </line>
            <line>
              <![CDATA[<div "result">Then  I Click on Claim (skipped)</div>]]>
            </line>
            <line>
              <![CDATA[<div "result">When  I Select Cancellation Details &quot;No, the cancellation letter was not sent because there is no incumbent&quot; (skipped)</div>]]>
            </line>
            <line>
              <![CDATA[<div "result">Then  I Click on Complete Task (skipped)</div>]]>
            </line>
            <line>
              <![CDATA[<div "result">And  I Click on Logout (skipped)</div>]]>
            </line>
            <line>
              <![CDATA[<div "result">And  I Click on Logout (skipped)</div>]]>
            </line>
          </reporter-output>
        </test-method> <!-- run_cukes -->
      </class> <!-- com.bpm.runner.TestRunner -->
    </test> <!-- To Test Cucumber -->
  </suite> <!-- BPM Firefox -->
</testng-results>
